--- SUILOOP WALRUS AUDIT TRAIL ---
Generated: 2026-03-04T21:00:00.193Z

[2026-03-04T21:00:07.434Z] STRATEGY_EXECUTION: TITAN Autonomous Yield (titan-live-sync)
  - Wallet: 0x8bd468b0e5941e75484e95191d99ff6234b2ab24e3b91650715b6df8cf8e4eba
  - TxHash: 0x21fca9ebd89c8
  - Result: success (Profit: 3393069 MIST)
  - Walrus Seal: https://walruscan.com/testnet/blob/2T3XMGmgQLNK3HqaIlJ44SPU-vyKtBVR44TH_SlPbS8
  - Blob ID: 2T3XMGmgQLNK3HqaIlJ44SPU-vyKtBVR44TH_SlPbS8

[2026-03-04T21:00:12.911Z] STRATEGY_EXECUTION: ELIZA Autonomous Yield (eliza-live-sync)
  - Wallet: 0x8ce5e3a1cc5b8be074c9820659b6dcae18210f350f46fcb10e32bc6327ad5884
  - TxHash: 0x10f841397a1bd
  - Result: success (Profit: 497250 MIST)
  - Walrus Seal: https://walruscan.com/testnet/blob/B5ObS1AeZPuVirFBlK1_4SPoYCxW-B962Kz7XHx7Tx4
  - Blob ID: B5ObS1AeZPuVirFBlK1_4SPoYCxW-B962Kz7XHx7Tx4

[2026-03-04T21:00:19.593Z] STRATEGY_EXECUTION: WHALE Autonomous Yield (whale-live-sync)
  - Wallet: 0x9b035feba22ef69411f1d803702e641d438481292f0082b43bfce68d3a351110
  - TxHash: 0x763a2aff6ffc9
  - Result: success (Profit: 3635299 MIST)
  - Walrus Seal: https://walruscan.com/testnet/blob/if26RefTn-LSh-Jo4l2ngcfZjW2EZ3KR2uWcz-obUfA
  - Blob ID: if26RefTn-LSh-Jo4l2ngcfZjW2EZ3KR2uWcz-obUfA

[2026-03-04T21:00:27.614Z] STRATEGY_EXECUTION: KRAKEN Autonomous Yield (kraken-live-sync)
  - Wallet: 0xa6890d201f81ed0cb62edcc70dc85bcb61c5d8c1ff74c51e5de6d6201b2a7d09
  - TxHash: 0xd35a303e81ca9
  - Result: success (Profit: 843271 MIST)
  - Walrus Seal: https://walruscan.com/testnet/blob/local-kraken-live-sync-1772658019593
  - Blob ID: local-kraken-live-sync-1772658019593

[2026-03-04T21:00:34.706Z] STRATEGY_EXECUTION: PHOENIX Autonomous Yield (phoenix-live-sync)
  - Wallet: 0xa9bf0eb96e8c47d36f2aa68889996feebe7757e3ce5c74b327e6f07025bb6dc8
  - TxHash: 0x6bf14b270fd75
  - Result: success (Profit: 4689617 MIST)
  - Walrus Seal: https://walruscan.com/testnet/blob/M0ekZ5fqi7hrRT892banoNSjBSAWNuFjI7o3b6u_KDw
  - Blob ID: M0ekZ5fqi7hrRT892banoNSjBSAWNuFjI7o3b6u_KDw

